<?xml version="1.0" encoding="UTF-8"?>
<!-- Generated by org.testng.reporters.JUnitXMLReporter -->
<testsuite hostname="yyets" ignored="0" name="loginTest" tests="1" failures="1" timestamp="27 四月 2019 13:26:59 GMT" time="4.834" errors="0">
  <testcase name="loginTest" time="0.001" classname="Jarvis.test.cases.LoginTest">
    <failure type="java.lang.NullPointerException">
      <![CDATA[java.lang.NullPointerException
at Jarvis.test.page.LoginPage.login(LoginPage.java:54)
at Jarvis.test.cases.LoginTest.loginTest(LoginTest.java:34)
... Removed 24 stack frames]]>
    </failure>
  </testcase> <!-- loginTest -->
</testsuite> <!-- loginTest -->
