<?xml version="1.0" encoding="UTF-8"?>
<testng-results skipped="0" failed="0" ignored="0" total="1" passed="1">
  <reporter-output>
  </reporter-output>
  <suite name="testLoginSuite" duration-ms="19557" started-at="2019-05-02T06:44:50Z" finished-at="2019-05-02T06:45:10Z">
    <groups>
    </groups>
    <test name="loginTest" duration-ms="19557" started-at="2019-05-02T06:44:50Z" finished-at="2019-05-02T06:45:10Z">
      <class name="Jarvis.test.cases.LoginTest">
        <test-method status="PASS" signature="setup()[pri:0, instance:Jarvis.test.cases.LoginTest@e1de817]" name="setup" is-config="true" duration-ms="4100" started-at="2019-05-02T06:44:50Z" finished-at="2019-05-02T06:44:54Z">
          <reporter-output>
          </reporter-output>
        </test-method> <!-- setup -->
        <test-method status="PASS" signature="loginTest(java.lang.String, java.lang.String)[pri:0, instance:Jarvis.test.cases.LoginTest@e1de817]" name="loginTest" duration-ms="14259" started-at="2019-05-02T06:44:54Z" finished-at="2019-05-02T06:45:09Z">
          <params>
            <param index="0">
              <value>
                <![CDATA[yangxr]]>
              </value>
            </param>
            <param index="1">
              <value>
                <![CDATA[123456]]>
              </value>
            </param>
          </params>
          <reporter-output>
          </reporter-output>
        </test-method> <!-- loginTest -->
        <test-method status="PASS" signature="teardown()[pri:0, instance:Jarvis.test.cases.LoginTest@e1de817]" name="teardown" is-config="true" duration-ms="1078" started-at="2019-05-02T06:45:09Z" finished-at="2019-05-02T06:45:10Z">
          <reporter-output>
          </reporter-output>
        </test-method> <!-- teardown -->
      </class> <!-- Jarvis.test.cases.LoginTest -->
    </test> <!-- loginTest -->
  </suite> <!-- testLoginSuite -->
</testng-results>
